<?xml version="1.0" encoding="UTF-8"?>
<!-- Generated by org.testng.reporters.JUnitReportReporter -->
<testsuite skipped="0" hostname="DESKTOP-22JM805" name="com.rediff.qa.testcases.SignInPageTest" tests="3" failures="0" timestamp="26 Jun 2020 06:37:21 GMT" time="116.518" errors="0">
  <testcase name="signIntitle_test" time="28.688" classname="com.rediff.qa.testcases.SignInPageTest"/>
  <testcase name="KeepMeSigned_test" time="20.838" classname="com.rediff.qa.testcases.SignInPageTest"/>
  <testcase name="login_test" time="66.992" classname="com.rediff.qa.testcases.SignInPageTest"/>
</testsuite> <!-- com.rediff.qa.testcases.SignInPageTest -->
