<?xml version="1.0" encoding="UTF-8"?>
<!-- Generated by org.testng.reporters.JUnitReportReporter -->
<testsuite skipped="0" hostname="DESKTOP-22JM805" name="com.rediff.qa.testcases.LogoutTest" tests="3" failures="0" timestamp="21 Jun 2020 07:53:06 GMT" time="76.557" errors="0">
  <testcase name="logoutDispplayed" time="31.178" classname="com.rediff.qa.testcases.LogoutTest"/>
  <testcase name="logoutEnabled" time="22.295" classname="com.rediff.qa.testcases.LogoutTest"/>
  <testcase name="logout" time="23.084" classname="com.rediff.qa.testcases.LogoutTest"/>
</testsuite> <!-- com.rediff.qa.testcases.LogoutTest -->
