<?xml version="1.0" encoding="UTF-8"?>
<!-- Generated by org.testng.reporters.JUnitReportReporter -->
<testsuite skipped="0" hostname="DESKTOP-22JM805" name="com.rediff.qa.testcases.LandingPageTest" tests="3" failures="0" timestamp="26 Jun 2020 06:37:21 GMT" time="72.794" errors="0">
  <testcase name="Landingtitle_test" time="15.551" classname="com.rediff.qa.testcases.LandingPageTest"/>
  <testcase name="SignInDisplay_test" time="21.369" classname="com.rediff.qa.testcases.LandingPageTest"/>
  <testcase name="SignInClick_test" time="35.874" classname="com.rediff.qa.testcases.LandingPageTest"/>
</testsuite> <!-- com.rediff.qa.testcases.LandingPageTest -->
