<?xml version="1.0" encoding="UTF-8"?>
<!-- Generated by org.testng.reporters.JUnitReportReporter -->
<testsuite skipped="0" hostname="DESKTOP-22JM805" name="com.rediff.qa.testcases.ShoppingPage_Test" tests="2" failures="0" timestamp="21 Jun 2020 11:48:05 GMT" time="61.426" errors="0">
  <testcase name="checkMobile" time="31.976" classname="com.rediff.qa.testcases.ShoppingPage_Test"/>
  <testcase name="selectMobileEarphone" time="29.450" classname="com.rediff.qa.testcases.ShoppingPage_Test"/>
</testsuite> <!-- com.rediff.qa.testcases.ShoppingPage_Test -->
